{"/Users/mavl/Mavl/npm-CI-test/npm-project-course/ts/chronometer-mavl/dist/index.js":{"path":"/Users/mavl/Mavl/npm-CI-test/npm-project-course/ts/chronometer-mavl/dist/index.js","s":{"1":1,"2":4,"3":4,"4":4,"5":1,"6":1,"7":1,"8":1,"9":1},"b":{"1":[4,0]},"f":{"1":4},"fnMap":{"1":{"name":"__export","line":2,"loc":{"start":{"line":2,"column":0},"end":{"line":2,"column":21}}}},"statementMap":{"1":{"start":{"line":2,"column":0},"end":{"line":4,"column":1}},"2":{"start":{"line":3,"column":4},"end":{"line":3,"column":71}},"3":{"start":{"line":3,"column":21},"end":{"line":3,"column":71}},"4":{"start":{"line":3,"column":53},"end":{"line":3,"column":71}},"5":{"start":{"line":5,"column":0},"end":{"line":5,"column":62}},"6":{"start":{"line":6,"column":0},"end":{"line":6,"column":33}},"7":{"start":{"line":7,"column":0},"end":{"line":7,"column":34}},"8":{"start":{"line":8,"column":0},"end":{"line":8,"column":31}},"9":{"start":{"line":9,"column":0},"end":{"line":9,"column":34}}},"branchMap":{"1":{"line":3,"type":"if","locations":[{"start":{"line":3,"column":21},"end":{"line":3,"column":21}},{"start":{"line":3,"column":21},"end":{"line":3,"column":21}}]}}},"/Users/mavl/Mavl/npm-CI-test/npm-project-course/ts/chronometer-mavl/dist/constants.js":{"path":"/Users/mavl/Mavl/npm-CI-test/npm-project-course/ts/chronometer-mavl/dist/constants.js","s":{"1":1,"2":1,"3":1,"4":1,"5":1,"6":1,"7":1,"8":1},"b":{"1":[1,1]},"f":{"1":1},"fnMap":{"1":{"name":"(anonymous_1)","line":4,"loc":{"start":{"line":4,"column":1},"end":{"line":4,"column":19}}}},"statementMap":{"1":{"start":{"line":2,"column":0},"end":{"line":2,"column":62}},"2":{"start":{"line":3,"column":0},"end":{"line":3,"column":11}},"3":{"start":{"line":4,"column":0},"end":{"line":10,"column":53}},"4":{"start":{"line":5,"column":4},"end":{"line":5,"column":45}},"5":{"start":{"line":6,"column":4},"end":{"line":6,"column":49}},"6":{"start":{"line":7,"column":4},"end":{"line":7,"column":49}},"7":{"start":{"line":8,"column":4},"end":{"line":8,"column":48}},"8":{"start":{"line":9,"column":4},"end":{"line":9,"column":51}}},"branchMap":{"1":{"line":10,"type":"binary-expr","locations":[{"start":{"line":10,"column":12},"end":{"line":10,"column":26}},{"start":{"line":10,"column":31},"end":{"line":10,"column":50}}]}}},"/Users/mavl/Mavl/npm-CI-test/npm-project-course/ts/chronometer-mavl/dist/conversion.js":{"path":"/Users/mavl/Mavl/npm-CI-test/npm-project-course/ts/chronometer-mavl/dist/conversion.js","s":{"1":1,"2":1,"3":1,"4":24,"5":2,"6":22,"7":22,"8":22,"9":22,"10":1,"11":1,"12":22,"13":22,"14":22,"15":22,"16":1,"17":66},"b":{"1":[2,22],"2":[24,17,23,7],"3":[56,10]},"f":{"1":24,"2":22,"3":66},"fnMap":{"1":{"name":"convertSecondToDiplay","line":10,"loc":{"start":{"line":10,"column":0},"end":{"line":10,"column":48}}},"2":{"name":"formatToDisplay","line":23,"loc":{"start":{"line":23,"column":0},"end":{"line":23,"column":50}}},"3":{"name":"formatInTwoCharacters","line":32,"loc":{"start":{"line":32,"column":0},"end":{"line":32,"column":36}}}},"statementMap":{"1":{"start":{"line":2,"column":0},"end":{"line":2,"column":62}},"2":{"start":{"line":3,"column":0},"end":{"line":3,"column":43}},"3":{"start":{"line":10,"column":0},"end":{"line":18,"column":1}},"4":{"start":{"line":11,"column":4},"end":{"line":13,"column":5}},"5":{"start":{"line":12,"column":8},"end":{"line":12,"column":24}},"6":{"start":{"line":14,"column":4},"end":{"line":14,"column":92}},"7":{"start":{"line":15,"column":4},"end":{"line":15,"column":94}},"8":{"start":{"line":16,"column":4},"end":{"line":16,"column":63}},"9":{"start":{"line":17,"column":4},"end":{"line":17,"column":52}},"10":{"start":{"line":19,"column":0},"end":{"line":19,"column":54}},"11":{"start":{"line":23,"column":0},"end":{"line":28,"column":1}},"12":{"start":{"line":24,"column":4},"end":{"line":24,"column":43}},"13":{"start":{"line":25,"column":4},"end":{"line":25,"column":45}},"14":{"start":{"line":26,"column":4},"end":{"line":26,"column":45}},"15":{"start":{"line":27,"column":4},"end":{"line":27,"column":28}},"16":{"start":{"line":32,"column":0},"end":{"line":34,"column":1}},"17":{"start":{"line":33,"column":4},"end":{"line":33,"column":62}}},"branchMap":{"1":{"line":11,"type":"if","locations":[{"start":{"line":11,"column":4},"end":{"line":11,"column":4}},{"start":{"line":11,"column":4},"end":{"line":11,"column":4}}]},"2":{"line":11,"type":"binary-expr","locations":[{"start":{"line":11,"column":8},"end":{"line":11,"column":18}},{"start":{"line":11,"column":22},"end":{"line":11,"column":34}},{"start":{"line":11,"column":38},"end":{"line":11,"column":48}},{"start":{"line":11,"column":52},"end":{"line":11,"column":60}}]},"3":{"line":33,"type":"cond-expr","locations":[{"start":{"line":33,"column":24},"end":{"line":33,"column":47}},{"start":{"line":33,"column":50},"end":{"line":33,"column":61}}]}}},"/Users/mavl/Mavl/npm-CI-test/npm-project-course/ts/chronometer-mavl/dist/counter.js":{"path":"/Users/mavl/Mavl/npm-CI-test/npm-project-course/ts/chronometer-mavl/dist/counter.js","s":{"1":1,"2":1,"3":1,"4":1,"5":1,"6":1,"7":1,"8":1,"9":4,"10":1},"b":{},"f":{"1":1,"2":1},"fnMap":{"1":{"name":"(anonymous_1)","line":14,"loc":{"start":{"line":14,"column":15},"end":{"line":14,"column":27}}},"2":{"name":"(anonymous_2)","line":25,"loc":{"start":{"line":25,"column":9},"end":{"line":25,"column":54}}}},"statementMap":{"1":{"start":{"line":2,"column":0},"end":{"line":2,"column":62}},"2":{"start":{"line":3,"column":0},"end":{"line":3,"column":64}},"3":{"start":{"line":4,"column":0},"end":{"line":4,"column":53}},"4":{"start":{"line":5,"column":0},"end":{"line":5,"column":45}},"5":{"start":{"line":6,"column":0},"end":{"line":6,"column":43}},"6":{"start":{"line":18,"column":8},"end":{"line":18,"column":24}},"7":{"start":{"line":19,"column":8},"end":{"line":19,"column":27}},"8":{"start":{"line":26,"column":8},"end":{"line":28,"column":12}},"9":{"start":{"line":27,"column":12},"end":{"line":27,"column":73}},"10":{"start":{"line":31,"column":0},"end":{"line":31,"column":26}}},"branchMap":{}},"/Users/mavl/Mavl/npm-CI-test/npm-project-course/ts/chronometer-mavl/dist/discounter.js":{"path":"/Users/mavl/Mavl/npm-CI-test/npm-project-course/ts/chronometer-mavl/dist/discounter.js","s":{"1":1,"2":1,"3":1,"4":1,"5":1,"6":1,"7":1,"8":1,"9":7,"10":1},"b":{},"f":{"1":1,"2":1},"fnMap":{"1":{"name":"(anonymous_1)","line":14,"loc":{"start":{"line":14,"column":15},"end":{"line":14,"column":27}}},"2":{"name":"(anonymous_2)","line":24,"loc":{"start":{"line":24,"column":9},"end":{"line":24,"column":54}}}},"statementMap":{"1":{"start":{"line":2,"column":0},"end":{"line":2,"column":62}},"2":{"start":{"line":3,"column":0},"end":{"line":3,"column":64}},"3":{"start":{"line":4,"column":0},"end":{"line":4,"column":53}},"4":{"start":{"line":5,"column":0},"end":{"line":5,"column":45}},"5":{"start":{"line":6,"column":0},"end":{"line":6,"column":43}},"6":{"start":{"line":18,"column":8},"end":{"line":18,"column":28}},"7":{"start":{"line":19,"column":8},"end":{"line":19,"column":31}},"8":{"start":{"line":25,"column":8},"end":{"line":27,"column":12}},"9":{"start":{"line":26,"column":12},"end":{"line":26,"column":94}},"10":{"start":{"line":30,"column":0},"end":{"line":30,"column":32}}},"branchMap":{}}}